[Header] 开始日志记录 
INFO  2016-03-10 16:43:37,381 21893ms SMSSend                btnSend_Click      - 开始发送'3301_3298_2$'短信，合计：3038 封短信
INFO  2016-03-10 16:43:37,402 21914ms SMSSend                btnSend_Click      - 等待发送结果...
ERROR 2016-03-10 16:43:43,211 27723ms SMSSend                AddPermission      - 手机号：13816683543 创建新用户失败，原因：密码错误
ERROR 2016-03-10 16:43:57,485 41997ms SMSSend                AddPermission      - 手机号：15024545264 创建新用户失败，原因：密码错误
ERROR 2016-03-10 16:44:18,994 63506ms SMSSend                AddPermission      - 手机号：18926330155 创建新用户失败，原因：密码错误
ERROR 2016-03-10 16:45:17,348 121859ms SMSSend                AddPermission      - 手机号：17710170541 创建新用户失败，原因：密码错误
ERROR 2016-03-10 16:45:52,890 157402ms SMSSend                AddPermission      - 手机号：15021032075 创建新用户失败，原因：密码错误
ERROR 2016-03-10 16:46:44,069 208580ms SMSSend                CreateDefaultUser  - 手机号：13818338255 创建新用户失败，原因：该手机号码已存在
ERROR 2016-03-10 16:46:44,856 209367ms SMSSend                AddPermission      - 手机号：13764934736 创建新用户失败，原因：密码错误
ERROR 2016-03-10 16:48:09,822 294333ms SMSSend                AddPermission      - 手机号：18317128837 创建新用户失败，原因：密码错误
ERROR 2016-03-10 16:48:54,007 338519ms SMSSend                AddPermission      - 手机号：13907867552 创建新用户失败，原因：密码错误
ERROR 2016-03-10 16:50:02,838 407350ms SMSSend                AddPermission      - 手机号：15076356274 创建新用户失败，原因：密码错误
ERROR 2016-03-10 16:50:03,529 408041ms SMSSend                AddPermission      - 手机号：13911761366 创建新用户失败，原因：密码错误
ERROR 2016-03-10 16:50:32,033 436544ms SMSSend                AddPermission      - 手机号：13726961289 创建新用户失败，原因：密码错误
ERROR 2016-03-10 16:50:45,876 450387ms SMSSend                AddPermission      - 手机号：13269218947 创建新用户失败，原因：密码错误
ERROR 2016-03-10 16:50:47,708 452219ms SMSSend                AddPermission      - 手机号：15577119476 创建新用户失败，原因：密码错误
ERROR 2016-03-10 16:51:01,687 466199ms SMSSend                AddPermission      - 手机号：13564739525 创建新用户失败，原因：密码错误
ERROR 2016-03-10 16:51:06,127 470638ms SMSSend                AddPermission      - 手机号：15555132451 创建新用户失败，原因：密码错误
ERROR 2016-03-10 16:51:27,419 491931ms SMSSend                CreateDefaultUser  - 手机号：13590598315 创建新用户失败，原因：该手机号码已存在
ERROR 2016-03-10 16:51:38,788 503299ms SMSSend                AddPermission      - 手机号：18573528229 创建新用户失败，原因：密码错误
ERROR 2016-03-10 16:51:41,634 506145ms SMSSend                CreateDefaultUser  - 手机号：61401855941 创建新用户失败，原因：用户手机格式不正确
ERROR 2016-03-10 16:52:11,686 536198ms SMSSend                AddPermission      - 手机号：18105578608 创建新用户失败，原因：密码错误
ERROR 2016-03-10 16:53:16,404 600916ms SMSSend                AddPermission      - 手机号：13826406064 创建新用户失败，原因：密码错误
ERROR 2016-03-10 16:53:31,325 615837ms SMSSend                AddPermission      - 手机号：18650802298 创建新用户失败，原因：密码错误
ERROR 2016-03-10 16:53:40,283 624794ms SMSSend                AddPermission      - 手机号：13624082175 创建新用户失败，原因：密码错误
ERROR 2016-03-10 16:53:42,362 626873ms SMSSend                AddPermission      - 手机号：15006272549 创建新用户失败，原因：密码错误
ERROR 2016-03-10 16:55:10,825 715336ms SMSSend                AddPermission      - 手机号：13631326237 创建新用户失败，原因：密码错误
ERROR 2016-03-10 16:55:32,107 736619ms SMSSend                AddPermission      - 手机号：13697676886 创建新用户失败，原因：密码错误
ERROR 2016-03-10 16:56:14,677 779189ms SMSSend                AddPermission      - 手机号：13729019741 创建新用户失败，原因：密码错误
ERROR 2016-03-10 16:56:30,687 795199ms SMSSend                CreateDefaultUser  - 手机号：15801438205 创建新用户失败，原因：该手机号码已存在
ERROR 2016-03-10 16:57:15,863 840375ms SMSSend                AddPermission      - 手机号：15676338089 创建新用户失败，原因：密码错误
ERROR 2016-03-10 16:57:17,901 842413ms SMSSend                AddPermission      - 手机号：18649765172 创建新用户失败，原因：密码错误
ERROR 2016-03-10 16:57:19,582 844094ms SMSSend                AddPermission      - 手机号：15651660969 创建新用户失败，原因：密码错误
ERROR 2016-03-10 16:57:20,267 844779ms SMSSend                AddPermission      - 手机号：13811653103 创建新用户失败，原因：密码错误
ERROR 2016-03-10 16:57:58,991 883503ms SMSSend                CreateDefaultUser  - 手机号：13590598315 创建新用户失败，原因：该手机号码已存在
ERROR 2016-03-10 16:57:59,672 884184ms SMSSend                AddPermission      - 手机号：18922800738 创建新用户失败，原因：密码错误
ERROR 2016-03-10 16:58:16,228 900740ms SMSSend                CreateDefaultUser  - 手机号：23564096912 创建新用户失败，原因：用户手机格式不正确
ERROR 2016-03-10 16:58:25,131 909643ms SMSSend                AddPermission      - 手机号：13917339029 创建新用户失败，原因：密码错误
ERROR 2016-03-10 16:58:50,451 934963ms SMSSend                AddPermission      - 手机号：18621720169 创建新用户失败，原因：密码错误
ERROR 2016-03-10 16:58:56,958 941469ms SMSSend                AddPermission      - 手机号：15835559588 创建新用户失败，原因：密码错误
ERROR 2016-03-10 16:59:33,999 978510ms SMSSend                AddPermission      - 手机号：13917339029 创建新用户失败，原因：密码错误
ERROR 2016-03-10 17:00:11,551 1016063ms SMSSend                AddPermission      - 手机号：13820726460 创建新用户失败，原因：密码错误
ERROR 2016-03-10 17:02:21,122 1145634ms SMSSend                CreateDefaultUser  - 手机号：13961702677 创建新用户失败，原因：该手机号码已存在
ERROR 2016-03-10 17:02:28,209 1152720ms SMSSend                AddPermission      - 手机号：13761698838 创建新用户失败，原因：密码错误
ERROR 2016-03-10 17:02:37,675 1162187ms SMSSend                AddPermission      - 手机号：18016950000 创建新用户失败，原因：密码错误
ERROR 2016-03-10 17:04:13,728 1258239ms SMSSend                AddPermission      - 手机号：18811166260 创建新用户失败，原因：密码错误
ERROR 2016-03-10 17:04:24,029 1268541ms SMSSend                AddPermission      - 手机号：15176273142 创建新用户失败，原因：密码错误
ERROR 2016-03-10 17:04:47,619 1292130ms SMSSend                CreateDefaultUser  - 手机号：18693256961 创建新用户失败，原因：该手机号码已存在
ERROR 2016-03-10 17:05:22,760 1327271ms SMSSend                AddPermission      - 手机号：13517256066 创建新用户失败，原因：密码错误
ERROR 2016-03-10 17:06:18,017 1382529ms SMSSend                AddPermission      - 手机号：13661825946 创建新用户失败，原因：密码错误
ERROR 2016-03-10 17:06:46,137 1410649ms SMSSend                AddPermission      - 手机号：15222182356 创建新用户失败，原因：密码错误
ERROR 2016-03-10 17:06:55,401 1419913ms SMSSend                AddPermission      - 手机号：13383805911 创建新用户失败，原因：密码错误
ERROR 2016-03-10 17:07:36,557 1461069ms SMSSend                AddPermission      - 手机号：18659507689 创建新用户失败，原因：密码错误
ERROR 2016-03-10 17:08:01,161 1485672ms SMSSend                AddPermission      - 手机号：13451664927 创建新用户失败，原因：密码错误
ERROR 2016-03-10 17:08:42,316 1526828ms SMSSend                CreateDefaultUser  - 手机号：18273337757 创建新用户失败，原因：该手机号码已存在
ERROR 2016-03-10 17:09:52,522 1597034ms SMSSend                AddPermission      - 手机号：18684308710 创建新用户失败，原因：密码错误
ERROR 2016-03-10 17:09:58,593 1603105ms SMSSend                AddPermission      - 手机号：18610081578 创建新用户失败，原因：密码错误
ERROR 2016-03-10 17:10:12,571 1617083ms SMSSend                AddPermission      - 手机号：18012049386 创建新用户失败，原因：密码错误
ERROR 2016-03-10 17:10:18,450 1622961ms SMSSend                AddPermission      - 手机号：18000351655 创建新用户失败，原因：密码错误
ERROR 2016-03-10 17:10:36,884 1641395ms SMSSend                AddPermission      - 手机号：13152427015 创建新用户失败，原因：密码错误
ERROR 2016-03-10 17:10:47,986 1652498ms SMSSend                AddPermission      - 手机号：18628264587 创建新用户失败，原因：密码错误
ERROR 2016-03-10 17:11:02,816 1667328ms SMSSend                AddPermission      - 手机号：13764792415 创建新用户失败，原因：密码错误
ERROR 2016-03-10 17:11:19,856 1684368ms SMSSend                AddPermission      - 手机号：18566414818 创建新用户失败，原因：密码错误
ERROR 2016-03-10 17:11:33,299 1697811ms SMSSend                AddPermission      - 手机号：13877125131 创建新用户失败，原因：密码错误
ERROR 2016-03-10 17:12:27,168 1751680ms SMSSend                AddPermission      - 手机号：18240019709 创建新用户失败，原因：密码错误
ERROR 2016-03-10 17:12:57,555 1782066ms SMSSend                AddPermission      - 手机号：15650700737 创建新用户失败，原因：密码错误
ERROR 2016-03-10 17:13:36,477 1820989ms SMSSend                AddPermission      - 手机号：18616398256 创建新用户失败，原因：密码错误
ERROR 2016-03-10 17:13:44,837 1829349ms SMSSend                AddPermission      - 手机号：13100410735 创建新用户失败，原因：密码错误
ERROR 2016-03-10 17:14:15,637 1860149ms SMSSend                AddPermission      - 手机号：18825175723 创建新用户失败，原因：密码错误
ERROR 2016-03-10 17:14:16,365 1860877ms SMSSend                AddPermission      - 手机号：18520548737 创建新用户失败，原因：密码错误
ERROR 2016-03-10 17:14:42,569 1887080ms SMSSend                AddPermission      - 手机号：18720951219 创建新用户失败，原因：密码错误
ERROR 2016-03-10 17:14:47,672 1892184ms SMSSend                AddPermission      - 手机号：15874169275 创建新用户失败，原因：密码错误
ERROR 2016-03-10 17:14:53,468 1897980ms SMSSend                AddPermission      - 手机号：13539701038 创建新用户失败，原因：密码错误
ERROR 2016-03-10 17:15:02,997 1907509ms SMSSend                AddPermission      - 手机号：13032960940 创建新用户失败，原因：密码错误
ERROR 2016-03-10 17:15:13,447 1917959ms SMSSend                CreateDefaultUser  - 手机号：18571643657 创建新用户失败，原因：该手机号码已存在
ERROR 2016-03-10 17:15:40,436 1944948ms SMSSend                AddPermission      - 手机号：13602746763 创建新用户失败，原因：密码错误
ERROR 2016-03-10 17:16:12,868 1977380ms SMSSend                AddPermission      - 手机号：15630445527 创建新用户失败，原因：密码错误
ERROR 2016-03-10 17:16:39,143 2003655ms SMSSend                CreateDefaultUser  - 手机号：17765109226 创建新用户失败，原因：该手机号码已存在
ERROR 2016-03-10 17:17:11,082 2035594ms SMSSend                AddPermission      - 手机号：15879175837 创建新用户失败，原因：密码错误
ERROR 2016-03-10 17:17:24,456 2048968ms SMSSend                AddPermission      - 手机号：18068584458 创建新用户失败，原因：密码错误
ERROR 2016-03-10 17:18:22,010 2106522ms SMSSend                AddPermission      - 手机号：13501208689 创建新用户失败，原因：密码错误
ERROR 2016-03-10 17:18:27,231 2111742ms SMSSend                CreateDefaultUser  - 手机号：18671713140 创建新用户失败，原因：该手机号码已存在
ERROR 2016-03-10 17:19:07,841 2152353ms SMSSend                AddPermission      - 手机号：15882407805 创建新用户失败，原因：密码错误
ERROR 2016-03-10 17:19:23,612 2168124ms SMSSend                AddPermission      - 手机号：13721673353 创建新用户失败，原因：密码错误
ERROR 2016-03-10 17:19:30,449 2174961ms SMSSend                AddPermission      - 手机号：18202732821 创建新用户失败，原因：密码错误
ERROR 2016-03-10 17:19:58,126 2202637ms SMSSend                AddPermission      - 手机号：13911181293 创建新用户失败，原因：密码错误
ERROR 2016-03-10 17:20:17,476 2221988ms SMSSend                AddPermission      - 手机号：15220357080 创建新用户失败，原因：密码错误
ERROR 2016-03-10 17:20:40,751 2245263ms SMSSend                AddPermission      - 手机号：15737070450 创建新用户失败，原因：密码错误
ERROR 2016-03-10 17:21:50,971 2315483ms SMSSend                AddPermission      - 手机号：13977192815 创建新用户失败，原因：密码错误
ERROR 2016-03-10 17:22:07,848 2332360ms SMSSend                AddPermission      - 手机号：18795857179 创建新用户失败，原因：密码错误
ERROR 2016-03-10 17:23:26,259 2410770ms SMSSend                AddPermission      - 手机号：13424967857 创建新用户失败，原因：密码错误
ERROR 2016-03-10 17:23:26,914 2411425ms SMSSend                AddPermission      - 手机号：15210011648 创建新用户失败，原因：密码错误
ERROR 2016-03-10 17:23:58,348 2442860ms SMSSend                CreateDefaultUser  - 手机号：13248227620 创建新用户失败，原因：该手机号码已存在
ERROR 2016-03-10 17:25:24,824 2529336ms SMSSend                AddPermission      - 手机号：18312580992 创建新用户失败，原因：密码错误
ERROR 2016-03-10 17:26:05,010 2569521ms SMSSend                AddPermission      - 手机号：13816615717 创建新用户失败，原因：密码错误
ERROR 2016-03-10 17:29:12,806 2757318ms SMSSend                AddPermission      - 手机号：13681684142 创建新用户失败，原因：密码错误
ERROR 2016-03-10 17:29:17,692 2762203ms SMSSend                AddPermission      - 手机号：18252947045 创建新用户失败，原因：密码错误
ERROR 2016-03-10 17:29:39,109 2783621ms SMSSend                AddPermission      - 手机号：13515210650 创建新用户失败，原因：密码错误
ERROR 2016-03-10 17:30:10,016 2814527ms SMSSend                AddPermission      - 手机号：18723168143 创建新用户失败，原因：密码错误
ERROR 2016-03-10 17:30:10,783 2815295ms SMSSend                AddPermission      - 手机号：15868102909 创建新用户失败，原因：密码错误
ERROR 2016-03-10 17:30:53,112 2857624ms SMSSend                AddPermission      - 手机号：13588438199 创建新用户失败，原因：密码错误
ERROR 2016-03-10 17:32:12,669 2937181ms SMSSend                AddPermission      - 手机号：13577422232 创建新用户失败，原因：密码错误
ERROR 2016-03-10 17:32:17,365 2941877ms SMSSend                AddPermission      - 手机号：13760234640 创建新用户失败，原因：密码错误
ERROR 2016-03-10 17:32:35,789 2960300ms SMSSend                CreateDefaultUser  - 手机号：15811659388 创建新用户失败，原因：该手机号码已存在
ERROR 2016-03-10 17:32:59,875 2984387ms SMSSend                AddPermission      - 手机号：13811193225 创建新用户失败，原因：密码错误
ERROR 2016-03-10 17:33:18,734 3003246ms SMSSend                AddPermission      - 手机号：18504340968 创建新用户失败，原因：密码错误
ERROR 2016-03-10 17:33:23,726 3008238ms SMSSend                AddPermission      - 手机号：13636331538 创建新用户失败，原因：密码错误
ERROR 2016-03-10 17:33:37,907 3022418ms SMSSend                AddPermission      - 手机号：15176950926 创建新用户失败，原因：密码错误
ERROR 2016-03-10 17:33:58,046 3042558ms SMSSend                AddPermission      - 手机号：13510241997 创建新用户失败，原因：密码错误
ERROR 2016-03-10 17:34:11,025 3055537ms SMSSend                AddPermission      - 手机号：18663111228 创建新用户失败，原因：密码错误
ERROR 2016-03-10 17:34:29,261 3073773ms SMSSend                AddPermission      - 手机号：13924085005 创建新用户失败，原因：密码错误
ERROR 2016-03-10 17:35:14,236 3118748ms SMSSend                AddPermission      - 手机号：18673594654 创建新用户失败，原因：密码错误
ERROR 2016-03-10 17:35:15,042 3119553ms SMSSend                AddPermission      - 手机号：13560471986 创建新用户失败，原因：密码错误
ERROR 2016-03-10 17:35:19,963 3124474ms SMSSend                CreateDefaultUser  - 手机号：13737411082 创建新用户失败，原因：该手机号码已存在
ERROR 2016-03-10 17:35:23,192 3127704ms SMSSend                CreateDefaultUser  - 手机号：13737411082 创建新用户失败，原因：该手机号码已存在
ERROR 2016-03-10 17:35:25,095 3129607ms SMSSend                CreateDefaultUser  - 手机号：13737411082 创建新用户失败，原因：该手机号码已存在
ERROR 2016-03-10 17:35:41,225 3145737ms SMSSend                AddPermission      - 手机号：13603812697 创建新用户失败，原因：密码错误
ERROR 2016-03-10 17:36:12,553 3177065ms SMSSend                AddPermission      - 手机号：15383721038 创建新用户失败，原因：密码错误
ERROR 2016-03-10 17:36:17,421 3181932ms SMSSend                CreateDefaultUser  - 手机号：13913770575 创建新用户失败，原因：该手机号码已存在
ERROR 2016-03-10 17:37:21,691 3246203ms SMSSend                AddPermission      - 手机号：18514282196 创建新用户失败，原因：密码错误
ERROR 2016-03-10 17:37:50,925 3275437ms SMSSend                CreateDefaultUser  - 手机号：13939097996 创建新用户失败，原因：该手机号码已存在
ERROR 2016-03-10 17:37:56,728 3281240ms SMSSend                CreateDefaultUser  - 手机号：18883160323 创建新用户失败，原因：该手机号码已存在
ERROR 2016-03-10 17:38:01,571 3286083ms SMSSend                CreateDefaultUser  - 手机号：18603323239 创建新用户失败，原因：该手机号码已存在
ERROR 2016-03-10 17:38:17,383 3301895ms SMSSend                AddPermission      - 手机号：13336437332 创建新用户失败，原因：密码错误
ERROR 2016-03-10 17:38:21,533 3306044ms SMSSend                AddPermission      - 手机号：13502091653 创建新用户失败，原因：密码错误
ERROR 2016-03-10 17:38:22,250 3306762ms SMSSend                CreateDefaultUser  - 手机号：15870478294 创建新用户失败，原因：该手机号码已存在
ERROR 2016-03-10 17:38:42,468 3326980ms SMSSend                AddPermission      - 手机号：15220357080 创建新用户失败，原因：密码错误
ERROR 2016-03-10 17:39:07,615 3352127ms SMSSend                AddPermission      - 手机号：13632632277 创建新用户失败，原因：密码错误
ERROR 2016-03-10 17:39:47,351 3391863ms SMSSend                AddPermission      - 手机号：18701303577 创建新用户失败，原因：密码错误
ERROR 2016-03-10 17:40:12,136 3416647ms SMSSend                AddPermission      - 手机号：13888461009 创建新用户失败，原因：密码错误
ERROR 2016-03-10 17:40:56,164 3460676ms SMSSend                AddPermission      - 手机号：15802872508 创建新用户失败，原因：密码错误
ERROR 2016-03-10 17:41:12,029 3476541ms SMSSend                AddPermission      - 手机号：15158337591 创建新用户失败，原因：密码错误
ERROR 2016-03-10 17:42:27,951 3552462ms SMSSend                AddPermission      - 手机号：13541085863 创建新用户失败，原因：密码错误
ERROR 2016-03-10 17:43:13,305 3597817ms SMSSend                AddPermission      - 手机号：18575135883 创建新用户失败，原因：密码错误
ERROR 2016-03-10 17:43:26,628 3611139ms SMSSend                CreateDefaultUser  - 手机号：13502071311 创建新用户失败，原因：该手机号码已存在
ERROR 2016-03-10 17:44:13,628 3658140ms SMSSend                CreateDefaultUser  - 手机号：13770838545 创建新用户失败，原因：该手机号码已存在
ERROR 2016-03-10 17:44:39,945 3684456ms SMSSend                AddPermission      - 手机号：18348329315 创建新用户失败，原因：密码错误
ERROR 2016-03-10 17:44:40,787 3685299ms SMSSend                CreateDefaultUser  - 手机号：15630431530 创建新用户失败，原因：该手机号码已存在
ERROR 2016-03-10 17:44:45,841 3690353ms SMSSend                AddPermission      - 手机号：13824310474 创建新用户失败，原因：密码错误
ERROR 2016-03-10 17:44:46,637 3691149ms SMSSend                AddPermission      - 手机号：13824310474 创建新用户失败，原因：密码错误
ERROR 2016-03-10 17:44:47,448 3691960ms SMSSend                AddPermission      - 手机号：15651819803 创建新用户失败，原因：密码错误
ERROR 2016-03-10 17:44:58,338 3702850ms SMSSend                AddPermission      - 手机号：13503889703 创建新用户失败，原因：密码错误
ERROR 2016-03-10 17:45:00,351 3704862ms SMSSend                AddPermission      - 手机号：15974820397 创建新用户失败，原因：密码错误
ERROR 2016-03-10 17:45:14,094 3718606ms SMSSend                AddPermission      - 手机号：13453451964 创建新用户失败，原因：密码错误
ERROR 2016-03-10 17:45:51,847 3756359ms SMSSend                AddPermission      - 手机号：13819136473 创建新用户失败，原因：密码错误
ERROR 2016-03-10 17:46:13,344 3777856ms SMSSend                AddPermission      - 手机号：18435100757 创建新用户失败，原因：密码错误
ERROR 2016-03-10 17:46:20,644 3785155ms SMSSend                AddPermission      - 手机号：18029526906 创建新用户失败，原因：密码错误
ERROR 2016-03-10 17:46:30,207 3794718ms SMSSend                AddPermission      - 手机号：13702271235 创建新用户失败，原因：密码错误
ERROR 2016-03-10 17:47:03,700 3828211ms SMSSend                AddPermission      - 手机号：18611146415 创建新用户失败，原因：密码错误
ERROR 2016-03-10 17:47:20,033 3844545ms SMSSend                AddPermission      - 手机号：18705175170 创建新用户失败，原因：密码错误
ERROR 2016-03-10 17:47:27,318 3851830ms SMSSend                AddPermission      - 手机号：18521706990 创建新用户失败，原因：密码错误
ERROR 2016-03-10 17:47:32,560 3857071ms SMSSend                AddPermission      - 手机号：18012977077 创建新用户失败，原因：密码错误
ERROR 2016-03-10 17:48:21,711 3906223ms SMSSend                AddPermission      - 手机号：15717506700 创建新用户失败，原因：密码错误
ERROR 2016-03-10 17:48:23,359 3907871ms SMSSend                AddPermission      - 手机号：13872278477 创建新用户失败，原因：密码错误
ERROR 2016-03-10 17:48:49,676 3934188ms SMSSend                AddPermission      - 手机号：13590433484 创建新用户失败，原因：密码错误
ERROR 2016-03-10 17:48:51,673 3936185ms SMSSend                AddPermission      - 手机号：15861819151 创建新用户失败，原因：密码错误
ERROR 2016-03-10 17:49:10,965 3955477ms SMSSend                AddPermission      - 手机号：15111239566 创建新用户失败，原因：密码错误
ERROR 2016-03-10 17:49:37,517 3982028ms SMSSend                AddPermission      - 手机号：15980509655 创建新用户失败，原因：密码错误
ERROR 2016-03-10 17:50:02,944 4007456ms SMSSend                AddPermission      - 手机号：18523322833 创建新用户失败，原因：密码错误
ERROR 2016-03-10 17:50:11,244 4015755ms SMSSend                AddPermission      - 手机号：13939904970 创建新用户失败，原因：密码错误
ERROR 2016-03-10 17:50:12,008 4016520ms SMSSend                AddPermission      - 手机号：13120461726 创建新用户失败，原因：密码错误
ERROR 2016-03-10 17:50:21,493 4026005ms SMSSend                AddPermission      - 手机号：13818837584 创建新用户失败，原因：密码错误
ERROR 2016-03-10 17:50:31,834 4036346ms SMSSend                AddPermission      - 手机号：13590213656 创建新用户失败，原因：密码错误
ERROR 2016-03-10 17:50:56,841 4061353ms SMSSend                AddPermission      - 手机号：18523491950 创建新用户失败，原因：密码错误
ERROR 2016-03-10 17:51:15,578 4080089ms SMSSend                AddPermission      - 手机号：13710502181 创建新用户失败，原因：密码错误
ERROR 2016-03-10 17:51:17,637 4082148ms SMSSend                AddPermission      - 手机号：13307993953 创建新用户失败，原因：密码错误
ERROR 2016-03-10 17:51:34,812 4099324ms SMSSend                CreateDefaultUser  - 手机号：13917724416 创建新用户失败，原因：该手机号码已存在
ERROR 2016-03-10 17:51:36,747 4101258ms SMSSend                AddPermission      - 手机号：13963739499 创建新用户失败，原因：密码错误
ERROR 2016-03-10 17:51:39,742 4104254ms SMSSend                AddPermission      - 手机号：15004076295 创建新用户失败，原因：密码错误
ERROR 2016-03-10 17:51:40,491 4105002ms SMSSend                CreateDefaultUser  - 手机号：85269264536 创建新用户失败，原因：用户手机格式不正确
ERROR 2016-03-10 17:51:55,826 4120338ms SMSSend                AddPermission      - 手机号：18750776023 创建新用户失败，原因：密码错误
ERROR 2016-03-10 17:52:00,147 4124659ms SMSSend                AddPermission      - 手机号：15107952992 创建新用户失败，原因：密码错误
ERROR 2016-03-10 17:52:02,394 4126905ms SMSSend                AddPermission      - 手机号：13426363000 创建新用户失败，原因：密码错误
ERROR 2016-03-10 17:52:12,268 4136780ms SMSSend                AddPermission      - 手机号：15295767587 创建新用户失败，原因：密码错误
ERROR 2016-03-10 17:53:01,706 4186218ms SMSSend                AddPermission      - 手机号：13862045195 创建新用户失败，原因：密码错误
ERROR 2016-03-10 17:53:16,182 4200694ms SMSSend                AddPermission      - 手机号：13261471162 创建新用户失败，原因：密码错误
ERROR 2016-03-10 17:53:40,924 4225436ms SMSSend                CreateDefaultUser  - 手机号：18616121580 创建新用户失败，原因：该手机号码已存在
ERROR 2016-03-10 17:53:53,438 4237950ms SMSSend                AddPermission      - 手机号：13764171197 创建新用户失败，原因：密码错误
ERROR 2016-03-10 17:53:59,507 4244018ms SMSSend                AddPermission      - 手机号：15940995921 创建新用户失败，原因：密码错误
ERROR 2016-03-10 17:54:04,561 4249073ms SMSSend                CreateDefaultUser  - 手机号：18521305327 创建新用户失败，原因：该手机号码已存在
ERROR 2016-03-10 17:54:06,386 4250898ms SMSSend                CreateDefaultUser  - 手机号：18620026380 创建新用户失败，原因：该手机号码已存在
ERROR 2016-03-10 17:54:18,164 4262676ms SMSSend                AddPermission      - 手机号：18956669399 创建新用户失败，原因：密码错误
ERROR 2016-03-10 17:54:30,161 4274672ms SMSSend                CreateDefaultUser  - 手机号：15603056564 创建新用户失败，原因：该手机号码已存在
ERROR 2016-03-10 17:54:53,108 4297620ms SMSSend                CreateDefaultUser  - 手机号：15834182296 创建新用户失败，原因：该手机号码已存在
ERROR 2016-03-10 17:55:17,913 4322425ms SMSSend                AddPermission      - 手机号：18616952020 创建新用户失败，原因：密码错误
ERROR 2016-03-10 17:56:37,077 4401589ms SMSSend                AddPermission      - 手机号：13958709838 创建新用户失败，原因：密码错误
ERROR 2016-03-10 17:57:18,949 4443461ms SMSSend                CreateDefaultUser  - 手机号：13962522202 创建新用户失败，原因：该手机号码已存在
ERROR 2016-03-10 17:57:53,164 4477676ms SMSSend                AddPermission      - 手机号：13795260879 创建新用户失败，原因：密码错误
ERROR 2016-03-10 17:57:58,663 4483175ms SMSSend                CreateDefaultUser  - 手机号：15568212897 创建新用户失败，原因：该手机号码已存在
ERROR 2016-03-10 17:57:59,346 4483857ms SMSSend                CreateDefaultUser  - 手机号：15764338971 创建新用户失败，原因：该手机号码已存在
ERROR 2016-03-10 17:58:09,122 4493633ms SMSSend                AddPermission      - 手机号：15821426810 创建新用户失败，原因：密码错误
ERROR 2016-03-10 17:59:11,304 4555816ms SMSSend                CreateDefaultUser  - 手机号：15015592312 创建新用户失败，原因：该手机号码已存在
ERROR 2016-03-10 17:59:39,600 4584112ms SMSSend                CreateDefaultUser  - 手机号：13269525330 创建新用户失败，原因：该手机号码已存在
ERROR 2016-03-10 18:00:03,100 4607611ms SMSSend                AddPermission      - 手机号：15811307705 创建新用户失败，原因：密码错误
ERROR 2016-03-10 18:00:19,743 4624255ms SMSSend                AddPermission      - 手机号：18650065300 创建新用户失败，原因：密码错误
ERROR 2016-03-10 18:00:35,124 4639636ms SMSSend                CreateDefaultUser  - 手机号：13641666993 创建新用户失败，原因：该手机号码已存在
ERROR 2016-03-10 18:00:36,856 4641368ms SMSSend                AddPermission      - 手机号：18826101996 创建新用户失败，原因：密码错误
[Footer] 结束日志记录 
[Header] 开始日志记录 
INFO  2016-03-11 09:23:16,968 23332ms SMSSend                btnSend_Click      - 开始发送'3301_3298_2$'短信，合计：3038 封短信
INFO  2016-03-11 09:23:16,978 23342ms SMSSend                btnSend_Click      - 等待发送结果...
[Header] 开始日志记录 
INFO  2016-03-11 09:25:54,098 17947ms SMSSend                btnSend_Click      - 开始发送'3301_3298_2$'短信，合计：3038 封短信
INFO  2016-03-11 09:25:54,108 17957ms SMSSend                btnSend_Click      - 等待发送结果...
INFO  2016-03-11 09:25:54,739 18588ms SMSSend                SendSMS            - 老用户1,新册用户5,成功发送1,失败0
INFO  2016-03-11 09:25:55,209 19058ms SMSSend                SendSMS            - 老用户2,新册用户17,成功发送2,失败0
INFO  2016-03-11 09:25:55,601 19450ms SMSSend                SendSMS            - 老用户3,新册用户33,成功发送3,失败0
INFO  2016-03-11 09:25:56,121 19970ms SMSSend                SendSMS            - 老用户4,新册用户79,成功发送4,失败0
INFO  2016-03-11 09:25:56,541 20390ms SMSSend                SendSMS            - 老用户5,新册用户105,成功发送5,失败0
INFO  2016-03-11 09:25:57,061 20910ms SMSSend                SendSMS            - 老用户6,新册用户139,成功发送6,失败0
INFO  2016-03-11 09:25:57,511 21360ms SMSSend                SendSMS            - 老用户7,新册用户213,成功发送7,失败0
INFO  2016-03-11 09:25:58,011 21860ms SMSSend                SendSMS            - 老用户8,新册用户250,成功发送8,失败0
INFO  2016-03-11 09:25:58,571 22420ms SMSSend                SendSMS            - 老用户9,新册用户302,成功发送9,失败0
INFO  2016-03-11 09:25:59,161 23010ms SMSSend                SendSMS            - 老用户10,新册用户302,成功发送10,失败0
INFO  2016-03-11 09:25:59,731 23580ms SMSSend                SendSMS            - 老用户11,新册用户313,成功发送11,失败0
INFO  2016-03-11 09:26:00,254 24103ms SMSSend                SendSMS            - 老用户12,新册用户323,成功发送12,失败0
INFO  2016-03-11 09:26:01,018 24867ms SMSSend                SendSMS            - 老用户13,新册用户324,成功发送13,失败0
ERROR 2016-03-11 09:26:01,366 25215ms SMSSend                AddPermission      - 手机号：13564739525 创建新用户失败，原因：密码错误
INFO  2016-03-11 09:26:01,795 25644ms SMSSend                SendSMS            - 老用户15,新册用户338,成功发送14,失败1
INFO  2016-03-11 09:26:02,334 26183ms SMSSend                SendSMS            - 老用户16,新册用户363,成功发送15,失败1
ERROR 2016-03-11 09:26:02,587 26436ms SMSSend                AddPermission      - 手机号：18105578608 创建新用户失败，原因：密码错误
INFO  2016-03-11 09:26:03,249 27098ms SMSSend                SendSMS            - 老用户18,新册用户443,成功发送16,失败2
INFO  2016-03-11 09:26:03,709 27558ms SMSSend                SendSMS            - 老用户19,新册用户455,成功发送17,失败2
INFO  2016-03-11 09:26:04,224 28073ms SMSSend                SendSMS            - 老用户20,新册用户462,成功发送18,失败2
INFO  2016-03-11 09:26:04,776 28625ms SMSSend                SendSMS            - 老用户21,新册用户463,成功发送19,失败2
INFO  2016-03-11 09:26:05,216 29065ms SMSSend                SendSMS            - 老用户22,新册用户530,成功发送20,失败2
ERROR 2016-03-11 09:26:05,506 29355ms SMSSend                AddPermission      - 手机号：13697676886 创建新用户失败，原因：密码错误
INFO  2016-03-11 09:26:06,086 29935ms SMSSend                SendSMS            - 老用户24,新册用户579,成功发送21,失败3
ERROR 2016-03-11 09:26:06,336 30185ms SMSSend                AddPermission      - 手机号：15676338089 创建新用户失败，原因：密码错误
INFO  2016-03-11 09:26:06,766 30615ms SMSSend                SendSMS            - 老用户26,新册用户623,成功发送22,失败4
INFO  2016-03-11 09:26:07,116 30965ms SMSSend                SendSMS            - 老用户27,新册用户624,成功发送23,失败4
INFO  2016-03-11 09:26:07,566 31415ms SMSSend                SendSMS            - 老用户28,新册用户624,成功发送24,失败4
INFO  2016-03-11 09:26:08,296 32145ms SMSSend                SendSMS            - 老用户29,新册用户655,成功发送25,失败4
INFO  2016-03-11 09:26:08,846 32695ms SMSSend                SendSMS            - 老用户30,新册用户674,成功发送26,失败4
INFO  2016-03-11 09:26:09,346 33195ms SMSSend                SendSMS            - 老用户31,新册用户693,成功发送27,失败4
INFO  2016-03-11 09:26:09,876 33725ms SMSSend                SendSMS            - 老用户32,新册用户698,成功发送28,失败4
INFO  2016-03-11 09:26:10,266 34115ms SMSSend                SendSMS            - 老用户33,新册用户728,成功发送29,失败4
INFO  2016-03-11 09:26:10,746 34595ms SMSSend                SendSMS            - 老用户34,新册用户757,成功发送30,失败4
INFO  2016-03-11 09:26:11,146 34995ms SMSSend                SendSMS            - 老用户35,新册用户853,成功发送31,失败4
INFO  2016-03-11 09:26:11,486 35335ms SMSSend                SendSMS            - 老用户36,新册用户860,成功发送32,失败4
INFO  2016-03-11 09:26:11,966 35815ms SMSSend                SendSMS            - 老用户37,新册用户929,成功发送33,失败4
INFO  2016-03-11 09:26:12,476 36325ms SMSSend                SendSMS            - 老用户38,新册用户936,成功发送34,失败4
INFO  2016-03-11 09:26:13,377 37226ms SMSSend                SendSMS            - 老用户39,新册用户978,成功发送35,失败4
INFO  2016-03-11 09:26:13,871 37720ms SMSSend                SendSMS            - 老用户40,新册用户1022,成功发送36,失败4
INFO  2016-03-11 09:26:14,417 38266ms SMSSend                SendSMS            - 老用户41,新册用户1046,成功发送37,失败4
INFO  2016-03-11 09:26:14,918 38767ms SMSSend                SendSMS            - 老用户42,新册用户1051,成功发送38,失败4
ERROR 2016-03-11 09:26:15,194 39043ms SMSSend                AddPermission      - 手机号：18659507689 创建新用户失败，原因：密码错误
INFO  2016-03-11 09:26:15,594 39443ms SMSSend                SendSMS            - 老用户44,新册用户1103,成功发送39,失败5
INFO  2016-03-11 09:26:15,981 39830ms SMSSend                SendSMS            - 老用户45,新册用户1130,成功发送40,失败5
INFO  2016-03-11 09:26:16,385 40234ms SMSSend                SendSMS            - 老用户46,新册用户1134,成功发送41,失败5
INFO  2016-03-11 09:26:16,894 40743ms SMSSend                SendSMS            - 老用户47,新册用户1191,成功发送42,失败5
INFO  2016-03-11 09:26:17,392 41241ms SMSSend                SendSMS            - 老用户48,新册用户1195,成功发送43,失败5
INFO  2016-03-11 09:26:17,787 41636ms SMSSend                SendSMS            - 老用户49,新册用户1206,成功发送44,失败5
INFO  2016-03-11 09:26:18,135 41984ms SMSSend                SendSMS            - 老用户50,新册用户1210,成功发送45,失败5
INFO  2016-03-11 09:26:18,527 42376ms SMSSend                SendSMS            - 老用户51,新册用户1225,成功发送46,失败5
INFO  2016-03-11 09:26:19,126 42975ms SMSSend                SendSMS            - 老用户52,新册用户1234,成功发送47,失败5
INFO  2016-03-11 09:26:19,569 43418ms SMSSend                SendSMS            - 老用户53,新册用户1245,成功发送48,失败5
INFO  2016-03-11 09:26:19,939 43788ms SMSSend                SendSMS            - 老用户54,新册用户1259,成功发送49,失败5
INFO  2016-03-11 09:26:20,458 44307ms SMSSend                SendSMS            - 老用户55,新册用户1269,成功发送50,失败5
INFO  2016-03-11 09:26:21,376 45225ms SMSSend                SendSMS            - 老用户56,新册用户1307,成功发送51,失败5
INFO  2016-03-11 09:26:21,927 45776ms SMSSend                SendSMS            - 老用户57,新册用户1331,成功发送52,失败5
INFO  2016-03-11 09:26:22,470 46319ms SMSSend                SendSMS            - 老用户58,新册用户1363,成功发送53,失败5
INFO  2016-03-11 09:26:23,090 46939ms SMSSend                SendSMS            - 老用户59,新册用户1369,成功发送54,失败5
INFO  2016-03-11 09:26:23,570 47419ms SMSSend                SendSMS            - 老用户60,新册用户1395,成功发送55,失败5
INFO  2016-03-11 09:26:24,070 47919ms SMSSend                SendSMS            - 老用户61,新册用户1395,成功发送56,失败5
INFO  2016-03-11 09:26:24,580 48429ms SMSSend                SendSMS            - 老用户62,新册用户1415,成功发送57,失败5
INFO  2016-03-11 09:26:25,120 48969ms SMSSend                SendSMS            - 老用户63,新册用户1419,成功发送58,失败5
INFO  2016-03-11 09:26:25,550 49399ms SMSSend                SendSMS            - 老用户64,新册用户1424,成功发送59,失败5
INFO  2016-03-11 09:26:26,060 49909ms SMSSend                SendSMS            - 老用户65,新册用户1431,成功发送60,失败5
INFO  2016-03-11 09:26:26,510 50359ms SMSSend                SendSMS            - 老用户66,新册用户1440,成功发送61,失败5
INFO  2016-03-11 09:26:26,981 50830ms SMSSend                SendSMS            - 老用户67,新册用户1462,成功发送62,失败5
INFO  2016-03-11 09:26:27,371 51220ms SMSSend                SendSMS            - 老用户68,新册用户1486,成功发送63,失败5
INFO  2016-03-11 09:26:28,031 51880ms SMSSend                SendSMS            - 老用户69,新册用户1515,成功发送64,失败5
INFO  2016-03-11 09:26:28,461 52310ms SMSSend                SendSMS            - 老用户70,新册用户1523,成功发送65,失败5
INFO  2016-03-11 09:26:29,521 53370ms SMSSend                SendSMS            - 老用户71,新册用户1560,成功发送66,失败5
INFO  2016-03-11 09:26:30,062 53911ms SMSSend                SendSMS            - 老用户72,新册用户1589,成功发送67,失败5
INFO  2016-03-11 09:26:30,646 54495ms SMSSend                SendSMS            - 老用户73,新册用户1600,成功发送68,失败5
INFO  2016-03-11 09:26:31,231 55080ms SMSSend                SendSMS            - 老用户74,新册用户1605,成功发送69,失败5
INFO  2016-03-11 09:26:31,893 55742ms SMSSend                SendSMS            - 老用户75,新册用户1625,成功发送70,失败5
ERROR 2016-03-11 09:26:32,545 56394ms SMSSend                AddPermission      - 手机号：15220357080 创建新用户失败，原因：密码错误
INFO  2016-03-11 09:26:33,115 56964ms SMSSend                SendSMS            - 老用户77,新册用户1653,成功发送71,失败6
INFO  2016-03-11 09:26:33,575 57424ms SMSSend                SendSMS            - 老用户78,新册用户1699,成功发送72,失败6
INFO  2016-03-11 09:26:34,115 57964ms SMSSend                SendSMS            - 老用户79,新册用户1706,成功发送73,失败6
ERROR 2016-03-11 09:26:34,405 58254ms SMSSend                AddPermission      - 手机号：13424967857 创建新用户失败，原因：密码错误
INFO  2016-03-11 09:26:34,858 58707ms SMSSend                SendSMS            - 老用户81,新册用户1749,成功发送74,失败7
INFO  2016-03-11 09:26:35,452 59301ms SMSSend                SendSMS            - 老用户82,新册用户1816,成功发送75,失败7
INFO  2016-03-11 09:26:35,970 59819ms SMSSend                SendSMS            - 老用户83,新册用户1844,成功发送76,失败7
INFO  2016-03-11 09:26:36,470 60319ms SMSSend                SendSMS            - 老用户84,新册用户1918,成功发送77,失败7
ERROR 2016-03-11 09:26:36,781 60630ms SMSSend                AddPermission      - 手机号：18252947045 创建新用户失败，原因：密码错误
INFO  2016-03-11 09:26:37,268 61117ms SMSSend                SendSMS            - 老用户86,新册用户1927,成功发送78,失败8
INFO  2016-03-11 09:26:37,814 61663ms SMSSend                SendSMS            - 老用户87,新册用户1946,成功发送79,失败8
INFO  2016-03-11 09:26:38,261 62110ms SMSSend                SendSMS            - 老用户88,新册用户1946,成功发送80,失败8
INFO  2016-03-11 09:26:38,698 62547ms SMSSend                SendSMS            - 老用户89,新册用户1969,成功发送81,失败8
INFO  2016-03-11 09:26:39,241 63090ms SMSSend                SendSMS            - 老用户90,新册用户1998,成功发送82,失败8
INFO  2016-03-11 09:26:39,682 63531ms SMSSend                SendSMS            - 老用户91,新册用户2001,成功发送83,失败8
INFO  2016-03-11 09:26:40,125 63974ms SMSSend                SendSMS            - 老用户92,新册用户2020,成功发送84,失败8
INFO  2016-03-11 09:26:40,548 64397ms SMSSend                SendSMS            - 老用户93,新册用户2027,成功发送85,失败8
INFO  2016-03-11 09:26:40,985 64834ms SMSSend                SendSMS            - 老用户94,新册用户2028,成功发送86,失败8
INFO  2016-03-11 09:26:41,375 65224ms SMSSend                SendSMS            - 老用户95,新册用户2033,成功发送87,失败8
INFO  2016-03-11 09:26:41,789 65638ms SMSSend                SendSMS            - 老用户96,新册用户2039,成功发送88,失败8
INFO  2016-03-11 09:26:42,180 66029ms SMSSend                SendSMS            - 老用户97,新册用户2046,成功发送89,失败8
INFO  2016-03-11 09:26:42,559 66408ms SMSSend                SendSMS            - 老用户98,新册用户2055,成功发送90,失败8
INFO  2016-03-11 09:26:42,963 66812ms SMSSend                SendSMS            - 老用户99,新册用户2080,成功发送91,失败8
INFO  2016-03-11 09:26:43,474 67323ms SMSSend                SendSMS            - 老用户100,新册用户2080,成功发送92,失败8
INFO  2016-03-11 09:26:43,943 67792ms SMSSend                SendSMS            - 老用户101,新册用户2100,成功发送93,失败8
INFO  2016-03-11 09:26:44,533 68382ms SMSSend                SendSMS            - 老用户102,新册用户2117,成功发送94,失败8
ERROR 2016-03-11 09:26:44,945 68794ms SMSSend                AddPermission      - 手机号：18514282196 创建新用户失败，原因：密码错误
INFO  2016-03-11 09:26:45,407 69256ms SMSSend                SendSMS            - 老用户104,新册用户2185,成功发送95,失败9
INFO  2016-03-11 09:26:46,017 69866ms SMSSend                SendSMS            - 老用户105,新册用户2188,成功发送96,失败9
ERROR 2016-03-11 09:26:46,417 70266ms SMSSend                AddPermission      - 手机号：15220357080 创建新用户失败，原因：密码错误
INFO  2016-03-11 09:26:46,988 70837ms SMSSend                SendSMS            - 老用户107,新册用户2209,成功发送97,失败10
INFO  2016-03-11 09:26:47,574 71423ms SMSSend                SendSMS            - 老用户108,新册用户2226,成功发送98,失败10
INFO  2016-03-11 09:26:48,124 71973ms SMSSend                SendSMS            - 老用户109,新册用户2239,成功发送99,失败10
INFO  2016-03-11 09:26:48,614 72463ms SMSSend                SendSMS            - 老用户110,新册用户2262,成功发送100,失败10
INFO  2016-03-11 09:26:49,194 73043ms SMSSend                SendSMS            - 老用户111,新册用户2274,成功发送101,失败10
INFO  2016-03-11 09:26:49,764 73613ms SMSSend                SendSMS            - 老用户112,新册用户2313,成功发送102,失败10
INFO  2016-03-11 09:26:50,094 73943ms SMSSend                SendSMS            - 老用户113,新册用户2344,成功发送103,失败10
INFO  2016-03-11 09:26:50,510 74358ms SMSSend                SendSMS            - 老用户114,新册用户2387,成功发送104,失败10
INFO  2016-03-11 09:26:51,036 74884ms SMSSend                SendSMS            - 老用户115,新册用户2391,成功发送105,失败10
INFO  2016-03-11 09:26:51,516 75364ms SMSSend                SendSMS            - 老用户116,新册用户2391,成功发送106,失败10
INFO  2016-03-11 09:26:51,963 75811ms SMSSend                SendSMS            - 老用户117,新册用户2391,成功发送107,失败10
INFO  2016-03-11 09:26:52,413 76261ms SMSSend                SendSMS            - 老用户118,新册用户2396,成功发送108,失败10
INFO  2016-03-11 09:26:52,898 76746ms SMSSend                SendSMS            - 老用户119,新册用户2397,成功发送109,失败10
INFO  2016-03-11 09:26:53,361 77210ms SMSSend                SendSMS            - 老用户120,新册用户2404,成功发送110,失败10
INFO  2016-03-11 09:26:54,342 78191ms SMSSend                SendSMS            - 老用户121,新册用户2422,成功发送111,失败10
ERROR 2016-03-11 09:26:54,602 78451ms SMSSend                AddPermission      - 手机号：18435100757 创建新用户失败，原因：密码错误
INFO  2016-03-11 09:26:55,108 78957ms SMSSend                SendSMS            - 老用户123,新册用户2438,成功发送112,失败11
INFO  2016-03-11 09:26:55,678 79527ms SMSSend                SendSMS            - 老用户124,新册用户2440,成功发送113,失败11
INFO  2016-03-11 09:26:56,149 79998ms SMSSend                SendSMS            - 老用户125,新册用户2452,成功发送114,失败11
INFO  2016-03-11 09:26:56,709 80558ms SMSSend                SendSMS            - 老用户126,新册用户2462,成功发送115,失败11
INFO  2016-03-11 09:26:57,170 81019ms SMSSend                SendSMS            - 老用户127,新册用户2465,成功发送116,失败11
INFO  2016-03-11 09:26:57,709 81558ms SMSSend                SendSMS            - 老用户128,新册用户2466,成功发送117,失败11
INFO  2016-03-11 09:26:58,129 81978ms SMSSend                SendSMS            - 老用户129,新册用户2492,成功发送118,失败11
INFO  2016-03-11 09:26:58,539 82388ms SMSSend                SendSMS            - 老用户130,新册用户2493,成功发送119,失败11
INFO  2016-03-11 09:26:58,989 82838ms SMSSend                SendSMS            - 老用户131,新册用户2504,成功发送120,失败11
INFO  2016-03-11 09:26:59,574 83423ms SMSSend                SendSMS            - 老用户132,新册用户2505,成功发送121,失败11
INFO  2016-03-11 09:27:00,120 83969ms SMSSend                SendSMS            - 老用户133,新册用户2511,成功发送122,失败11
INFO  2016-03-11 09:27:00,557 84406ms SMSSend                SendSMS            - 老用户134,新册用户2526,成功发送123,失败11
INFO  2016-03-11 09:27:01,208 85057ms SMSSend                SendSMS            - 老用户135,新册用户2535,成功发送124,失败11
INFO  2016-03-11 09:27:01,623 85472ms SMSSend                SendSMS            - 老用户136,新册用户2538,成功发送125,失败11
INFO  2016-03-11 09:27:02,099 85948ms SMSSend                SendSMS            - 老用户137,新册用户2538,成功发送126,失败11
INFO  2016-03-11 09:27:02,630 86479ms SMSSend                SendSMS            - 老用户138,新册用户2543,成功发送127,失败11
INFO  2016-03-11 09:27:03,114 86963ms SMSSend                SendSMS            - 老用户139,新册用户2545,成功发送128,失败11
INFO  2016-03-11 09:27:03,576 87425ms SMSSend                SendSMS            - 老用户140,新册用户2555,成功发送129,失败11
INFO  2016-03-11 09:27:04,005 87854ms SMSSend                SendSMS            - 老用户141,新册用户2563,成功发送130,失败11
INFO  2016-03-11 09:27:04,511 88360ms SMSSend                SendSMS            - 老用户142,新册用户2564,成功发送131,失败11
INFO  2016-03-11 09:27:05,047 88896ms SMSSend                SendSMS            - 老用户143,新册用户2579,成功发送132,失败11
INFO  2016-03-11 09:27:05,497 89346ms SMSSend                SendSMS            - 老用户144,新册用户2581,成功发送133,失败11
INFO  2016-03-11 09:27:06,014 89863ms SMSSend                SendSMS            - 老用户145,新册用户2590,成功发送134,失败11
INFO  2016-03-11 09:27:06,567 90416ms SMSSend                SendSMS            - 老用户146,新册用户2593,成功发送135,失败11
INFO  2016-03-11 09:27:06,997 90846ms SMSSend                SendSMS            - 老用户147,新册用户2594,成功发送136,失败11
INFO  2016-03-11 09:27:07,367 91216ms SMSSend                SendSMS            - 老用户148,新册用户2598,成功发送137,失败11
INFO  2016-03-11 09:27:07,797 91646ms SMSSend                SendSMS            - 老用户149,新册用户2622,成功发送138,失败11
INFO  2016-03-11 09:27:08,227 92076ms SMSSend                SendSMS            - 老用户150,新册用户2630,成功发送139,失败11
INFO  2016-03-11 09:27:08,697 92546ms SMSSend                SendSMS            - 老用户151,新册用户2646,成功发送140,失败11
INFO  2016-03-11 09:27:09,407 93256ms SMSSend                SendSMS            - 老用户152,新册用户2650,成功发送141,失败11
INFO  2016-03-11 09:27:09,807 93656ms SMSSend                SendSMS            - 老用户153,新册用户2663,成功发送142,失败11
INFO  2016-03-11 09:27:10,287 94136ms SMSSend                SendSMS            - 老用户154,新册用户2696,成功发送143,失败11
INFO  2016-03-11 09:27:10,937 94786ms SMSSend                SendSMS            - 老用户155,新册用户2733,成功发送144,失败11
ERROR 2016-03-11 09:27:11,167 95016ms SMSSend                AddPermission      - 手机号：13795260879 创建新用户失败，原因：密码错误
INFO  2016-03-11 09:27:11,617 95466ms SMSSend                SendSMS            - 老用户157,新册用户2772,成功发送145,失败12
INFO  2016-03-11 09:27:12,127 95976ms SMSSend                SendSMS            - 老用户158,新册用户2849,成功发送146,失败12
INFO  2016-03-11 09:27:12,777 96626ms SMSSend                SendSMS            - 老用户159,新册用户2863,成功发送147,失败12
INFO  2016-03-11 09:27:13,267 97116ms SMSSend                SendSMS            - 老用户160,新册用户2877,成功发送148,失败12
INFO  2016-03-11 09:42:34,086 1017935ms SMSSend                btnSend_Click      - 开始发送Sheet2短信，合计：11 封短信
INFO  2016-03-11 09:42:34,086 1017935ms SMSSend                btnSend_Click      - 等待发送结果...
INFO  2016-03-11 09:42:34,726 1018575ms SMSSend                SendSMS            - 老用户1,新册用户0,成功发送1,失败0
INFO  2016-03-11 09:42:35,176 1019025ms SMSSend                SendSMS            - 老用户2,新册用户0,成功发送2,失败0
INFO  2016-03-11 09:42:35,596 1019445ms SMSSend                SendSMS            - 老用户3,新册用户0,成功发送3,失败0
INFO  2016-03-11 09:42:36,056 1019905ms SMSSend                SendSMS            - 老用户4,新册用户0,成功发送4,失败0
INFO  2016-03-11 09:42:36,506 1020355ms SMSSend                SendSMS            - 老用户5,新册用户0,成功发送5,失败0
INFO  2016-03-11 09:42:37,051 1020900ms SMSSend                SendSMS            - 老用户6,新册用户0,成功发送6,失败0
INFO  2016-03-11 09:42:37,478 1021327ms SMSSend                SendSMS            - 老用户7,新册用户0,成功发送7,失败0
INFO  2016-03-11 09:42:38,107 1021956ms SMSSend                SendSMS            - 老用户8,新册用户0,成功发送8,失败0
INFO  2016-03-11 09:42:38,582 1022431ms SMSSend                SendSMS            - 老用户9,新册用户0,成功发送9,失败0
INFO  2016-03-11 09:42:39,058 1022907ms SMSSend                SendSMS            - 老用户10,新册用户0,成功发送10,失败0
INFO  2016-03-11 09:42:39,458 1023307ms SMSSend                SendSMS            - 老用户11,新册用户0,成功发送11,失败0
[Footer] 结束日志记录 
